2020-05-04 15:39:25,993 INFO o.a.j.u.JMeterUtils: Setting Locale to en_US
2020-05-04 15:39:26,021 INFO o.a.j.JMeter: Loading user properties from: user.properties
2020-05-04 15:39:26,034 INFO o.a.j.JMeter: Loading system properties from: system.properties
2020-05-04 15:39:26,046 INFO o.a.j.JMeter: Copyright (c) 1998-2019 The Apache Software Foundation
2020-05-04 15:39:26,046 INFO o.a.j.JMeter: Version 5.1.1 r1855137
2020-05-04 15:39:26,046 INFO o.a.j.JMeter: java.version=1.8.0_251
2020-05-04 15:39:26,046 INFO o.a.j.JMeter: java.vm.name=Java HotSpot(TM) 64-Bit Server VM
2020-05-04 15:39:26,047 INFO o.a.j.JMeter: os.name=Windows 10
2020-05-04 15:39:26,047 INFO o.a.j.JMeter: os.arch=amd64
2020-05-04 15:39:26,047 INFO o.a.j.JMeter: os.version=10.0
2020-05-04 15:39:26,047 INFO o.a.j.JMeter: file.encoding=Cp1252
2020-05-04 15:39:26,047 INFO o.a.j.JMeter: java.awt.headless=null
2020-05-04 15:39:26,047 INFO o.a.j.JMeter: Max memory     =3760193536
2020-05-04 15:39:26,048 INFO o.a.j.JMeter: Available Processors =8
2020-05-04 15:39:26,055 INFO o.a.j.JMeter: Default Locale=English (United States)
2020-05-04 15:39:26,056 INFO o.a.j.JMeter: JMeter  Locale=English (United States)
2020-05-04 15:39:26,056 INFO o.a.j.JMeter: JMeterHome=C:\Users\Revathy Ramamoorthy\ass4\apache-jmeter-5.1.1
2020-05-04 15:39:26,056 INFO o.a.j.JMeter: user.dir  =C:\Users\Revathy Ramamoorthy\ass4\apache-jmeter-5.1.1\bin
2020-05-04 15:39:26,057 INFO o.a.j.JMeter: PWD       =C:\Users\Revathy Ramamoorthy\ass4\apache-jmeter-5.1.1\bin
2020-05-04 15:39:26,076 INFO o.a.j.JMeter: IP: 10.219.142.4 Name: DESKTOP-8GBE7LE FullName: 10.219.142.4
2020-05-04 15:39:26,380 INFO o.a.j.g.a.LookAndFeelCommand: Installing Darcula LAF
2020-05-04 15:39:26,409 INFO o.a.j.g.a.LookAndFeelCommand: Using look and feel: com.bulenkov.darcula.DarculaLaf [Darcula]
2020-05-04 15:39:26,409 INFO o.a.j.JMeter: Setting LAF to: com.bulenkov.darcula.DarculaLaf
2020-05-04 15:39:26,523 INFO o.a.j.JMeter: Loaded icon properties from org/apache/jmeter/images/icon.properties
2020-05-04 15:39:28,468 INFO o.a.j.p.h.s.HTTPSamplerBase: Parser for text/html is org.apache.jmeter.protocol.http.parser.LagartoBasedHtmlParser
2020-05-04 15:39:28,470 INFO o.a.j.p.h.s.HTTPSamplerBase: Parser for application/xhtml+xml is org.apache.jmeter.protocol.http.parser.LagartoBasedHtmlParser
2020-05-04 15:39:28,470 INFO o.a.j.p.h.s.HTTPSamplerBase: Parser for application/xml is org.apache.jmeter.protocol.http.parser.LagartoBasedHtmlParser
2020-05-04 15:39:28,470 INFO o.a.j.p.h.s.HTTPSamplerBase: Parser for text/xml is org.apache.jmeter.protocol.http.parser.LagartoBasedHtmlParser
2020-05-04 15:39:28,470 INFO o.a.j.p.h.s.HTTPSamplerBase: Parser for text/vnd.wap.wml is org.apache.jmeter.protocol.http.parser.RegexpHTMLParser
2020-05-04 15:39:28,470 INFO o.a.j.p.h.s.HTTPSamplerBase: Parser for text/css is org.apache.jmeter.protocol.http.parser.CssParser
2020-05-04 15:39:29,792 INFO o.a.j.e.KeyToolUtils: keytool found at 'keytool'
2020-05-04 15:39:29,793 INFO o.a.j.p.h.p.ProxyControl: HTTP(S) Test Script Recorder SSL Proxy will use keys that support embedded 3rd party resources in file C:\Users\Revathy Ramamoorthy\ass4\apache-jmeter-5.1.1\bin\proxyserver.jks
2020-05-04 15:39:30,068 INFO o.a.j.s.FileServer: Default base='C:\Users\Revathy Ramamoorthy\ass4\apache-jmeter-5.1.1\bin'
2020-05-04 15:39:31,001 INFO o.a.j.s.SampleResult: Note: Sample TimeStamps are START times
2020-05-04 15:39:31,002 INFO o.a.j.s.SampleResult: sampleresult.default.encoding is set to ISO-8859-1
2020-05-04 15:39:31,002 INFO o.a.j.s.SampleResult: sampleresult.useNanoTime=true
2020-05-04 15:39:31,002 INFO o.a.j.s.SampleResult: sampleresult.nanoThreadSleep=5000
2020-05-04 15:39:45,788 INFO o.a.j.g.a.Load: Loading file: C:\Users\Revathy Ramamoorthy\ass4\apache-jmeter-5.1.1\bin\Thread Group.jmx
2020-05-04 15:39:45,790 INFO o.a.j.s.FileServer: Set new base='C:\Users\Revathy Ramamoorthy\ass4\apache-jmeter-5.1.1\bin'
2020-05-04 15:39:46,159 INFO o.a.j.s.SaveService: Testplan (JMX) version: 2.2. Testlog (JTL) version: 2.2
2020-05-04 15:39:46,233 INFO o.a.j.s.SaveService: Using SaveService properties file encoding UTF-8
2020-05-04 15:39:46,239 INFO o.a.j.s.SaveService: Using SaveService properties version 5.0
2020-05-04 15:39:46,247 INFO o.a.j.s.SaveService: Loading file: C:\Users\Revathy Ramamoorthy\ass4\apache-jmeter-5.1.1\bin\Thread Group.jmx
2020-05-04 15:39:46,645 INFO o.a.j.s.FileServer: Set new base='C:\Users\Revathy Ramamoorthy\ass4\apache-jmeter-5.1.1\bin'
2020-05-04 15:51:55,089 INFO o.a.j.e.StandardJMeterEngine: Running the test!
2020-05-04 15:51:55,090 INFO o.a.j.s.SampleEvent: List of sample_variables: []
2020-05-04 15:51:55,091 INFO o.a.j.s.SampleEvent: List of sample_variables: []
2020-05-04 15:51:55,092 INFO o.a.j.e.u.CompoundVariable: Note: Function class names must contain the string: '.functions.'
2020-05-04 15:51:55,092 INFO o.a.j.e.u.CompoundVariable: Note: Function class names must not contain the string: '.gui.'
2020-05-04 15:51:55,285 INFO o.a.j.g.u.JMeterMenuBar: setRunning(true, *local*)
2020-05-04 15:51:55,464 INFO o.a.j.e.StandardJMeterEngine: Starting ThreadGroup: 1 : Thread Group
2020-05-04 15:51:55,464 INFO o.a.j.e.StandardJMeterEngine: Starting 100 threads for group Thread Group.
2020-05-04 15:51:55,464 INFO o.a.j.e.StandardJMeterEngine: Thread will continue on error
2020-05-04 15:51:55,464 INFO o.a.j.t.ThreadGroup: Starting thread group... number=1 threads=100 ramp-up=10 delayedStart=false
2020-05-04 15:51:55,471 INFO o.a.j.t.JMeterThread: Thread started: Thread Group 1-1
2020-05-04 15:51:55,486 INFO o.a.j.p.h.s.HTTPHCAbstractImpl: Local host = DESKTOP-8GBE7LE
2020-05-04 15:51:55,492 INFO o.a.j.t.ThreadGroup: Started thread group number 1
2020-05-04 15:51:55,492 INFO o.a.j.e.StandardJMeterEngine: All thread groups have been started
2020-05-04 15:51:55,492 INFO o.a.j.p.h.s.HTTPHC4Impl: HTTP request retry count = 0
2020-05-04 15:51:55,570 INFO o.a.j.t.JMeterThread: Thread started: Thread Group 1-2
2020-05-04 15:51:55,657 INFO o.a.j.t.JMeterThread: Thread is done: Thread Group 1-1
2020-05-04 15:51:55,657 INFO o.a.j.t.JMeterThread: Thread is done: Thread Group 1-2
2020-05-04 15:51:55,657 INFO o.a.j.t.JMeterThread: Thread finished: Thread Group 1-2
2020-05-04 15:51:55,657 INFO o.a.j.t.JMeterThread: Thread finished: Thread Group 1-1
2020-05-04 15:51:55,668 INFO o.a.j.t.JMeterThread: Thread started: Thread Group 1-3
2020-05-04 15:51:55,745 INFO o.a.j.t.JMeterThread: Thread is done: Thread Group 1-3
2020-05-04 15:51:55,746 INFO o.a.j.t.JMeterThread: Thread finished: Thread Group 1-3
2020-05-04 15:51:55,769 INFO o.a.j.t.JMeterThread: Thread started: Thread Group 1-4
2020-05-04 15:51:55,845 INFO o.a.j.t.JMeterThread: Thread is done: Thread Group 1-4
2020-05-04 15:51:55,845 INFO o.a.j.t.JMeterThread: Thread finished: Thread Group 1-4
2020-05-04 15:51:55,867 INFO o.a.j.t.JMeterThread: Thread started: Thread Group 1-5
2020-05-04 15:51:55,947 INFO o.a.j.t.JMeterThread: Thread is done: Thread Group 1-5
2020-05-04 15:51:55,947 INFO o.a.j.t.JMeterThread: Thread finished: Thread Group 1-5
2020-05-04 15:51:55,967 INFO o.a.j.t.JMeterThread: Thread started: Thread Group 1-6
2020-05-04 15:51:56,045 INFO o.a.j.t.JMeterThread: Thread is done: Thread Group 1-6
2020-05-04 15:51:56,045 INFO o.a.j.t.JMeterThread: Thread finished: Thread Group 1-6
2020-05-04 15:51:56,067 INFO o.a.j.t.JMeterThread: Thread started: Thread Group 1-7
2020-05-04 15:51:56,146 INFO o.a.j.t.JMeterThread: Thread is done: Thread Group 1-7
2020-05-04 15:51:56,146 INFO o.a.j.t.JMeterThread: Thread finished: Thread Group 1-7
2020-05-04 15:51:56,167 INFO o.a.j.t.JMeterThread: Thread started: Thread Group 1-8
2020-05-04 15:51:56,243 INFO o.a.j.t.JMeterThread: Thread is done: Thread Group 1-8
2020-05-04 15:51:56,244 INFO o.a.j.t.JMeterThread: Thread finished: Thread Group 1-8
2020-05-04 15:51:56,266 INFO o.a.j.t.JMeterThread: Thread started: Thread Group 1-9
2020-05-04 15:51:56,348 INFO o.a.j.t.JMeterThread: Thread is done: Thread Group 1-9
2020-05-04 15:51:56,348 INFO o.a.j.t.JMeterThread: Thread finished: Thread Group 1-9
2020-05-04 15:51:56,367 INFO o.a.j.t.JMeterThread: Thread started: Thread Group 1-10
2020-05-04 15:51:56,447 INFO o.a.j.t.JMeterThread: Thread is done: Thread Group 1-10
2020-05-04 15:51:56,447 INFO o.a.j.t.JMeterThread: Thread finished: Thread Group 1-10
2020-05-04 15:51:56,467 INFO o.a.j.t.JMeterThread: Thread started: Thread Group 1-11
2020-05-04 15:51:56,552 INFO o.a.j.t.JMeterThread: Thread is done: Thread Group 1-11
2020-05-04 15:51:56,552 INFO o.a.j.t.JMeterThread: Thread finished: Thread Group 1-11
2020-05-04 15:51:56,567 INFO o.a.j.t.JMeterThread: Thread started: Thread Group 1-12
2020-05-04 15:51:56,646 INFO o.a.j.t.JMeterThread: Thread is done: Thread Group 1-12
2020-05-04 15:51:56,647 INFO o.a.j.t.JMeterThread: Thread finished: Thread Group 1-12
2020-05-04 15:51:56,667 INFO o.a.j.t.JMeterThread: Thread started: Thread Group 1-13
2020-05-04 15:51:56,744 INFO o.a.j.t.JMeterThread: Thread is done: Thread Group 1-13
2020-05-04 15:51:56,744 INFO o.a.j.t.JMeterThread: Thread finished: Thread Group 1-13
2020-05-04 15:51:56,766 INFO o.a.j.t.JMeterThread: Thread started: Thread Group 1-14
2020-05-04 15:51:56,846 INFO o.a.j.t.JMeterThread: Thread is done: Thread Group 1-14
2020-05-04 15:51:56,846 INFO o.a.j.t.JMeterThread: Thread finished: Thread Group 1-14
2020-05-04 15:51:56,865 INFO o.a.j.t.JMeterThread: Thread started: Thread Group 1-15
2020-05-04 15:51:56,947 INFO o.a.j.t.JMeterThread: Thread is done: Thread Group 1-15
2020-05-04 15:51:56,947 INFO o.a.j.t.JMeterThread: Thread finished: Thread Group 1-15
2020-05-04 15:51:56,966 INFO o.a.j.t.JMeterThread: Thread started: Thread Group 1-16
2020-05-04 15:51:57,047 INFO o.a.j.t.JMeterThread: Thread is done: Thread Group 1-16
2020-05-04 15:51:57,048 INFO o.a.j.t.JMeterThread: Thread finished: Thread Group 1-16
2020-05-04 15:51:57,067 INFO o.a.j.t.JMeterThread: Thread started: Thread Group 1-17
2020-05-04 15:51:57,149 INFO o.a.j.t.JMeterThread: Thread is done: Thread Group 1-17
2020-05-04 15:51:57,149 INFO o.a.j.t.JMeterThread: Thread finished: Thread Group 1-17
2020-05-04 15:51:57,165 INFO o.a.j.t.JMeterThread: Thread started: Thread Group 1-18
2020-05-04 15:51:57,243 INFO o.a.j.t.JMeterThread: Thread is done: Thread Group 1-18
2020-05-04 15:51:57,243 INFO o.a.j.t.JMeterThread: Thread finished: Thread Group 1-18
2020-05-04 15:51:57,266 INFO o.a.j.t.JMeterThread: Thread started: Thread Group 1-19
2020-05-04 15:51:57,349 INFO o.a.j.t.JMeterThread: Thread is done: Thread Group 1-19
2020-05-04 15:51:57,349 INFO o.a.j.t.JMeterThread: Thread finished: Thread Group 1-19
2020-05-04 15:51:57,367 INFO o.a.j.t.JMeterThread: Thread started: Thread Group 1-20
2020-05-04 15:51:57,445 INFO o.a.j.t.JMeterThread: Thread is done: Thread Group 1-20
2020-05-04 15:51:57,445 INFO o.a.j.t.JMeterThread: Thread finished: Thread Group 1-20
2020-05-04 15:51:57,465 INFO o.a.j.t.JMeterThread: Thread started: Thread Group 1-21
2020-05-04 15:51:57,548 INFO o.a.j.t.JMeterThread: Thread is done: Thread Group 1-21
2020-05-04 15:51:57,548 INFO o.a.j.t.JMeterThread: Thread finished: Thread Group 1-21
2020-05-04 15:51:57,566 INFO o.a.j.t.JMeterThread: Thread started: Thread Group 1-22
2020-05-04 15:51:57,645 INFO o.a.j.t.JMeterThread: Thread is done: Thread Group 1-22
2020-05-04 15:51:57,645 INFO o.a.j.t.JMeterThread: Thread finished: Thread Group 1-22
2020-05-04 15:51:57,666 INFO o.a.j.t.JMeterThread: Thread started: Thread Group 1-23
2020-05-04 15:51:57,747 INFO o.a.j.t.JMeterThread: Thread is done: Thread Group 1-23
2020-05-04 15:51:57,747 INFO o.a.j.t.JMeterThread: Thread finished: Thread Group 1-23
2020-05-04 15:51:57,767 INFO o.a.j.t.JMeterThread: Thread started: Thread Group 1-24
2020-05-04 15:51:57,851 INFO o.a.j.t.JMeterThread: Thread is done: Thread Group 1-24
2020-05-04 15:51:57,851 INFO o.a.j.t.JMeterThread: Thread finished: Thread Group 1-24
2020-05-04 15:51:57,866 INFO o.a.j.t.JMeterThread: Thread started: Thread Group 1-25
2020-05-04 15:51:57,947 INFO o.a.j.t.JMeterThread: Thread is done: Thread Group 1-25
2020-05-04 15:51:57,947 INFO o.a.j.t.JMeterThread: Thread finished: Thread Group 1-25
2020-05-04 15:51:57,965 INFO o.a.j.t.JMeterThread: Thread started: Thread Group 1-26
2020-05-04 15:51:58,045 INFO o.a.j.t.JMeterThread: Thread is done: Thread Group 1-26
2020-05-04 15:51:58,045 INFO o.a.j.t.JMeterThread: Thread finished: Thread Group 1-26
2020-05-04 15:51:58,065 INFO o.a.j.t.JMeterThread: Thread started: Thread Group 1-27
2020-05-04 15:51:58,142 INFO o.a.j.t.JMeterThread: Thread is done: Thread Group 1-27
2020-05-04 15:51:58,142 INFO o.a.j.t.JMeterThread: Thread finished: Thread Group 1-27
2020-05-04 15:51:58,165 INFO o.a.j.t.JMeterThread: Thread started: Thread Group 1-28
2020-05-04 15:51:58,242 INFO o.a.j.t.JMeterThread: Thread is done: Thread Group 1-28
2020-05-04 15:51:58,242 INFO o.a.j.t.JMeterThread: Thread finished: Thread Group 1-28
2020-05-04 15:51:58,267 INFO o.a.j.t.JMeterThread: Thread started: Thread Group 1-29
2020-05-04 15:51:58,348 INFO o.a.j.t.JMeterThread: Thread is done: Thread Group 1-29
2020-05-04 15:51:58,348 INFO o.a.j.t.JMeterThread: Thread finished: Thread Group 1-29
2020-05-04 15:51:58,365 INFO o.a.j.t.JMeterThread: Thread started: Thread Group 1-30
2020-05-04 15:51:58,447 INFO o.a.j.t.JMeterThread: Thread is done: Thread Group 1-30
2020-05-04 15:51:58,447 INFO o.a.j.t.JMeterThread: Thread finished: Thread Group 1-30
2020-05-04 15:51:58,466 INFO o.a.j.t.JMeterThread: Thread started: Thread Group 1-31
2020-05-04 15:51:58,546 INFO o.a.j.t.JMeterThread: Thread is done: Thread Group 1-31
2020-05-04 15:51:58,546 INFO o.a.j.t.JMeterThread: Thread finished: Thread Group 1-31
2020-05-04 15:51:58,565 INFO o.a.j.t.JMeterThread: Thread started: Thread Group 1-32
2020-05-04 15:51:58,642 INFO o.a.j.t.JMeterThread: Thread is done: Thread Group 1-32
2020-05-04 15:51:58,642 INFO o.a.j.t.JMeterThread: Thread finished: Thread Group 1-32
2020-05-04 15:51:58,665 INFO o.a.j.t.JMeterThread: Thread started: Thread Group 1-33
2020-05-04 15:51:58,747 INFO o.a.j.t.JMeterThread: Thread is done: Thread Group 1-33
2020-05-04 15:51:58,747 INFO o.a.j.t.JMeterThread: Thread finished: Thread Group 1-33
2020-05-04 15:51:58,766 INFO o.a.j.t.JMeterThread: Thread started: Thread Group 1-34
2020-05-04 15:51:58,847 INFO o.a.j.t.JMeterThread: Thread is done: Thread Group 1-34
2020-05-04 15:51:58,847 INFO o.a.j.t.JMeterThread: Thread finished: Thread Group 1-34
2020-05-04 15:51:58,867 INFO o.a.j.t.JMeterThread: Thread started: Thread Group 1-35
2020-05-04 15:51:58,952 INFO o.a.j.t.JMeterThread: Thread is done: Thread Group 1-35
2020-05-04 15:51:58,952 INFO o.a.j.t.JMeterThread: Thread finished: Thread Group 1-35
2020-05-04 15:51:58,965 INFO o.a.j.t.JMeterThread: Thread started: Thread Group 1-36
2020-05-04 15:51:59,042 INFO o.a.j.t.JMeterThread: Thread is done: Thread Group 1-36
2020-05-04 15:51:59,042 INFO o.a.j.t.JMeterThread: Thread finished: Thread Group 1-36
2020-05-04 15:51:59,065 INFO o.a.j.t.JMeterThread: Thread started: Thread Group 1-37
2020-05-04 15:51:59,146 INFO o.a.j.t.JMeterThread: Thread is done: Thread Group 1-37
2020-05-04 15:51:59,147 INFO o.a.j.t.JMeterThread: Thread finished: Thread Group 1-37
2020-05-04 15:51:59,165 INFO o.a.j.t.JMeterThread: Thread started: Thread Group 1-38
2020-05-04 15:51:59,240 INFO o.a.j.t.JMeterThread: Thread is done: Thread Group 1-38
2020-05-04 15:51:59,240 INFO o.a.j.t.JMeterThread: Thread finished: Thread Group 1-38
2020-05-04 15:51:59,266 INFO o.a.j.t.JMeterThread: Thread started: Thread Group 1-39
2020-05-04 15:51:59,346 INFO o.a.j.t.JMeterThread: Thread is done: Thread Group 1-39
2020-05-04 15:51:59,346 INFO o.a.j.t.JMeterThread: Thread finished: Thread Group 1-39
2020-05-04 15:51:59,367 INFO o.a.j.t.JMeterThread: Thread started: Thread Group 1-40
2020-05-04 15:51:59,446 INFO o.a.j.t.JMeterThread: Thread is done: Thread Group 1-40
2020-05-04 15:51:59,446 INFO o.a.j.t.JMeterThread: Thread finished: Thread Group 1-40
2020-05-04 15:51:59,465 INFO o.a.j.t.JMeterThread: Thread started: Thread Group 1-41
2020-05-04 15:51:59,542 INFO o.a.j.t.JMeterThread: Thread is done: Thread Group 1-41
2020-05-04 15:51:59,542 INFO o.a.j.t.JMeterThread: Thread finished: Thread Group 1-41
2020-05-04 15:51:59,565 INFO o.a.j.t.JMeterThread: Thread started: Thread Group 1-42
2020-05-04 15:51:59,646 INFO o.a.j.t.JMeterThread: Thread is done: Thread Group 1-42
2020-05-04 15:51:59,646 INFO o.a.j.t.JMeterThread: Thread finished: Thread Group 1-42
2020-05-04 15:51:59,665 INFO o.a.j.t.JMeterThread: Thread started: Thread Group 1-43
2020-05-04 15:51:59,747 INFO o.a.j.t.JMeterThread: Thread is done: Thread Group 1-43
2020-05-04 15:51:59,747 INFO o.a.j.t.JMeterThread: Thread finished: Thread Group 1-43
2020-05-04 15:51:59,766 INFO o.a.j.t.JMeterThread: Thread started: Thread Group 1-44
2020-05-04 15:51:59,846 INFO o.a.j.t.JMeterThread: Thread is done: Thread Group 1-44
2020-05-04 15:51:59,846 INFO o.a.j.t.JMeterThread: Thread finished: Thread Group 1-44
2020-05-04 15:51:59,866 INFO o.a.j.t.JMeterThread: Thread started: Thread Group 1-45
2020-05-04 15:51:59,950 INFO o.a.j.t.JMeterThread: Thread is done: Thread Group 1-45
2020-05-04 15:51:59,950 INFO o.a.j.t.JMeterThread: Thread finished: Thread Group 1-45
2020-05-04 15:51:59,966 INFO o.a.j.t.JMeterThread: Thread started: Thread Group 1-46
2020-05-04 15:52:00,045 INFO o.a.j.t.JMeterThread: Thread is done: Thread Group 1-46
2020-05-04 15:52:00,046 INFO o.a.j.t.JMeterThread: Thread finished: Thread Group 1-46
2020-05-04 15:52:00,067 INFO o.a.j.t.JMeterThread: Thread started: Thread Group 1-47
2020-05-04 15:52:00,151 INFO o.a.j.t.JMeterThread: Thread is done: Thread Group 1-47
2020-05-04 15:52:00,151 INFO o.a.j.t.JMeterThread: Thread finished: Thread Group 1-47
2020-05-04 15:52:00,167 INFO o.a.j.t.JMeterThread: Thread started: Thread Group 1-48
2020-05-04 15:52:00,247 INFO o.a.j.t.JMeterThread: Thread is done: Thread Group 1-48
2020-05-04 15:52:00,247 INFO o.a.j.t.JMeterThread: Thread finished: Thread Group 1-48
2020-05-04 15:52:00,266 INFO o.a.j.t.JMeterThread: Thread started: Thread Group 1-49
2020-05-04 15:52:00,346 INFO o.a.j.t.JMeterThread: Thread is done: Thread Group 1-49
2020-05-04 15:52:00,346 INFO o.a.j.t.JMeterThread: Thread finished: Thread Group 1-49
2020-05-04 15:52:00,366 INFO o.a.j.t.JMeterThread: Thread started: Thread Group 1-50
2020-05-04 15:52:00,448 INFO o.a.j.t.JMeterThread: Thread is done: Thread Group 1-50
2020-05-04 15:52:00,448 INFO o.a.j.t.JMeterThread: Thread finished: Thread Group 1-50
2020-05-04 15:52:00,466 INFO o.a.j.t.JMeterThread: Thread started: Thread Group 1-51
2020-05-04 15:52:00,550 INFO o.a.j.t.JMeterThread: Thread is done: Thread Group 1-51
2020-05-04 15:52:00,550 INFO o.a.j.t.JMeterThread: Thread finished: Thread Group 1-51
2020-05-04 15:52:00,565 INFO o.a.j.t.JMeterThread: Thread started: Thread Group 1-52
2020-05-04 15:52:00,647 INFO o.a.j.t.JMeterThread: Thread is done: Thread Group 1-52
2020-05-04 15:52:00,647 INFO o.a.j.t.JMeterThread: Thread finished: Thread Group 1-52
2020-05-04 15:52:00,666 INFO o.a.j.t.JMeterThread: Thread started: Thread Group 1-53
2020-05-04 15:52:00,749 INFO o.a.j.t.JMeterThread: Thread is done: Thread Group 1-53
2020-05-04 15:52:00,749 INFO o.a.j.t.JMeterThread: Thread finished: Thread Group 1-53
2020-05-04 15:52:00,766 INFO o.a.j.t.JMeterThread: Thread started: Thread Group 1-54
2020-05-04 15:52:00,847 INFO o.a.j.t.JMeterThread: Thread is done: Thread Group 1-54
2020-05-04 15:52:00,847 INFO o.a.j.t.JMeterThread: Thread finished: Thread Group 1-54
2020-05-04 15:52:00,865 INFO o.a.j.t.JMeterThread: Thread started: Thread Group 1-55
2020-05-04 15:52:00,948 INFO o.a.j.t.JMeterThread: Thread is done: Thread Group 1-55
2020-05-04 15:52:00,948 INFO o.a.j.t.JMeterThread: Thread finished: Thread Group 1-55
2020-05-04 15:52:00,966 INFO o.a.j.t.JMeterThread: Thread started: Thread Group 1-56
2020-05-04 15:52:01,043 INFO o.a.j.t.JMeterThread: Thread is done: Thread Group 1-56
2020-05-04 15:52:01,043 INFO o.a.j.t.JMeterThread: Thread finished: Thread Group 1-56
2020-05-04 15:52:01,065 INFO o.a.j.t.JMeterThread: Thread started: Thread Group 1-57
2020-05-04 15:52:01,145 INFO o.a.j.t.JMeterThread: Thread is done: Thread Group 1-57
2020-05-04 15:52:01,145 INFO o.a.j.t.JMeterThread: Thread finished: Thread Group 1-57
2020-05-04 15:52:01,165 INFO o.a.j.t.JMeterThread: Thread started: Thread Group 1-58
2020-05-04 15:52:01,242 INFO o.a.j.t.JMeterThread: Thread is done: Thread Group 1-58
2020-05-04 15:52:01,242 INFO o.a.j.t.JMeterThread: Thread finished: Thread Group 1-58
2020-05-04 15:52:01,266 INFO o.a.j.t.JMeterThread: Thread started: Thread Group 1-59
2020-05-04 15:52:01,345 INFO o.a.j.t.JMeterThread: Thread is done: Thread Group 1-59
2020-05-04 15:52:01,346 INFO o.a.j.t.JMeterThread: Thread finished: Thread Group 1-59
2020-05-04 15:52:01,366 INFO o.a.j.t.JMeterThread: Thread started: Thread Group 1-60
2020-05-04 15:52:01,442 INFO o.a.j.t.JMeterThread: Thread is done: Thread Group 1-60
2020-05-04 15:52:01,443 INFO o.a.j.t.JMeterThread: Thread finished: Thread Group 1-60
2020-05-04 15:52:01,466 INFO o.a.j.t.JMeterThread: Thread started: Thread Group 1-61
2020-05-04 15:52:01,547 INFO o.a.j.t.JMeterThread: Thread is done: Thread Group 1-61
2020-05-04 15:52:01,547 INFO o.a.j.t.JMeterThread: Thread finished: Thread Group 1-61
2020-05-04 15:52:01,565 INFO o.a.j.t.JMeterThread: Thread started: Thread Group 1-62
2020-05-04 15:52:01,647 INFO o.a.j.t.JMeterThread: Thread is done: Thread Group 1-62
2020-05-04 15:52:01,647 INFO o.a.j.t.JMeterThread: Thread finished: Thread Group 1-62
2020-05-04 15:52:01,665 INFO o.a.j.t.JMeterThread: Thread started: Thread Group 1-63
2020-05-04 15:52:01,746 INFO o.a.j.t.JMeterThread: Thread is done: Thread Group 1-63
2020-05-04 15:52:01,746 INFO o.a.j.t.JMeterThread: Thread finished: Thread Group 1-63
2020-05-04 15:52:01,767 INFO o.a.j.t.JMeterThread: Thread started: Thread Group 1-64
2020-05-04 15:52:01,852 INFO o.a.j.t.JMeterThread: Thread is done: Thread Group 1-64
2020-05-04 15:52:01,853 INFO o.a.j.t.JMeterThread: Thread finished: Thread Group 1-64
2020-05-04 15:52:01,865 INFO o.a.j.t.JMeterThread: Thread started: Thread Group 1-65
2020-05-04 15:52:01,948 INFO o.a.j.t.JMeterThread: Thread is done: Thread Group 1-65
2020-05-04 15:52:01,949 INFO o.a.j.t.JMeterThread: Thread finished: Thread Group 1-65
2020-05-04 15:52:01,965 INFO o.a.j.t.JMeterThread: Thread started: Thread Group 1-66
2020-05-04 15:52:02,045 INFO o.a.j.t.JMeterThread: Thread is done: Thread Group 1-66
2020-05-04 15:52:02,046 INFO o.a.j.t.JMeterThread: Thread finished: Thread Group 1-66
2020-05-04 15:52:02,065 INFO o.a.j.t.JMeterThread: Thread started: Thread Group 1-67
2020-05-04 15:52:02,144 INFO o.a.j.t.JMeterThread: Thread is done: Thread Group 1-67
2020-05-04 15:52:02,144 INFO o.a.j.t.JMeterThread: Thread finished: Thread Group 1-67
2020-05-04 15:52:02,165 INFO o.a.j.t.JMeterThread: Thread started: Thread Group 1-68
2020-05-04 15:52:02,244 INFO o.a.j.t.JMeterThread: Thread is done: Thread Group 1-68
2020-05-04 15:52:02,245 INFO o.a.j.t.JMeterThread: Thread finished: Thread Group 1-68
2020-05-04 15:52:02,265 INFO o.a.j.t.JMeterThread: Thread started: Thread Group 1-69
2020-05-04 15:52:02,345 INFO o.a.j.t.JMeterThread: Thread is done: Thread Group 1-69
2020-05-04 15:52:02,345 INFO o.a.j.t.JMeterThread: Thread finished: Thread Group 1-69
2020-05-04 15:52:02,366 INFO o.a.j.t.JMeterThread: Thread started: Thread Group 1-70
2020-05-04 15:52:02,447 INFO o.a.j.t.JMeterThread: Thread is done: Thread Group 1-70
2020-05-04 15:52:02,447 INFO o.a.j.t.JMeterThread: Thread finished: Thread Group 1-70
2020-05-04 15:52:02,466 INFO o.a.j.t.JMeterThread: Thread started: Thread Group 1-71
2020-05-04 15:52:02,547 INFO o.a.j.t.JMeterThread: Thread is done: Thread Group 1-71
2020-05-04 15:52:02,547 INFO o.a.j.t.JMeterThread: Thread finished: Thread Group 1-71
2020-05-04 15:52:02,565 INFO o.a.j.t.JMeterThread: Thread started: Thread Group 1-72
2020-05-04 15:52:02,646 INFO o.a.j.t.JMeterThread: Thread is done: Thread Group 1-72
2020-05-04 15:52:02,646 INFO o.a.j.t.JMeterThread: Thread finished: Thread Group 1-72
2020-05-04 15:52:02,665 INFO o.a.j.t.JMeterThread: Thread started: Thread Group 1-73
2020-05-04 15:52:02,742 INFO o.a.j.t.JMeterThread: Thread is done: Thread Group 1-73
2020-05-04 15:52:02,742 INFO o.a.j.t.JMeterThread: Thread finished: Thread Group 1-73
2020-05-04 15:52:02,765 INFO o.a.j.t.JMeterThread: Thread started: Thread Group 1-74
2020-05-04 15:52:02,843 INFO o.a.j.t.JMeterThread: Thread is done: Thread Group 1-74
2020-05-04 15:52:02,843 INFO o.a.j.t.JMeterThread: Thread finished: Thread Group 1-74
2020-05-04 15:52:02,865 INFO o.a.j.t.JMeterThread: Thread started: Thread Group 1-75
2020-05-04 15:52:02,947 INFO o.a.j.t.JMeterThread: Thread is done: Thread Group 1-75
2020-05-04 15:52:02,947 INFO o.a.j.t.JMeterThread: Thread finished: Thread Group 1-75
2020-05-04 15:52:02,966 INFO o.a.j.t.JMeterThread: Thread started: Thread Group 1-76
2020-05-04 15:52:03,047 INFO o.a.j.t.JMeterThread: Thread is done: Thread Group 1-76
2020-05-04 15:52:03,047 INFO o.a.j.t.JMeterThread: Thread finished: Thread Group 1-76
2020-05-04 15:52:03,067 INFO o.a.j.t.JMeterThread: Thread started: Thread Group 1-77
2020-05-04 15:52:03,154 INFO o.a.j.t.JMeterThread: Thread is done: Thread Group 1-77
2020-05-04 15:52:03,155 INFO o.a.j.t.JMeterThread: Thread finished: Thread Group 1-77
2020-05-04 15:52:03,166 INFO o.a.j.t.JMeterThread: Thread started: Thread Group 1-78
2020-05-04 15:52:03,246 INFO o.a.j.t.JMeterThread: Thread is done: Thread Group 1-78
2020-05-04 15:52:03,246 INFO o.a.j.t.JMeterThread: Thread finished: Thread Group 1-78
2020-05-04 15:52:03,266 INFO o.a.j.t.JMeterThread: Thread started: Thread Group 1-79
2020-05-04 15:52:03,349 INFO o.a.j.t.JMeterThread: Thread is done: Thread Group 1-79
2020-05-04 15:52:03,349 INFO o.a.j.t.JMeterThread: Thread finished: Thread Group 1-79
2020-05-04 15:52:03,365 INFO o.a.j.t.JMeterThread: Thread started: Thread Group 1-80
2020-05-04 15:52:03,444 INFO o.a.j.t.JMeterThread: Thread is done: Thread Group 1-80
2020-05-04 15:52:03,444 INFO o.a.j.t.JMeterThread: Thread finished: Thread Group 1-80
2020-05-04 15:52:03,467 INFO o.a.j.t.JMeterThread: Thread started: Thread Group 1-81
2020-05-04 15:52:03,547 INFO o.a.j.t.JMeterThread: Thread is done: Thread Group 1-81
2020-05-04 15:52:03,547 INFO o.a.j.t.JMeterThread: Thread finished: Thread Group 1-81
2020-05-04 15:52:03,566 INFO o.a.j.t.JMeterThread: Thread started: Thread Group 1-82
2020-05-04 15:52:03,646 INFO o.a.j.t.JMeterThread: Thread is done: Thread Group 1-82
2020-05-04 15:52:03,647 INFO o.a.j.t.JMeterThread: Thread finished: Thread Group 1-82
2020-05-04 15:52:03,667 INFO o.a.j.t.JMeterThread: Thread started: Thread Group 1-83
2020-05-04 15:52:03,748 INFO o.a.j.t.JMeterThread: Thread is done: Thread Group 1-83
2020-05-04 15:52:03,748 INFO o.a.j.t.JMeterThread: Thread finished: Thread Group 1-83
2020-05-04 15:52:03,766 INFO o.a.j.t.JMeterThread: Thread started: Thread Group 1-84
2020-05-04 15:52:03,847 INFO o.a.j.t.JMeterThread: Thread is done: Thread Group 1-84
2020-05-04 15:52:03,847 INFO o.a.j.t.JMeterThread: Thread finished: Thread Group 1-84
2020-05-04 15:52:03,866 INFO o.a.j.t.JMeterThread: Thread started: Thread Group 1-85
2020-05-04 15:52:03,943 INFO o.a.j.t.JMeterThread: Thread is done: Thread Group 1-85
2020-05-04 15:52:03,944 INFO o.a.j.t.JMeterThread: Thread finished: Thread Group 1-85
2020-05-04 15:52:03,966 INFO o.a.j.t.JMeterThread: Thread started: Thread Group 1-86
2020-05-04 15:52:04,047 INFO o.a.j.t.JMeterThread: Thread is done: Thread Group 1-86
2020-05-04 15:52:04,047 INFO o.a.j.t.JMeterThread: Thread finished: Thread Group 1-86
2020-05-04 15:52:04,066 INFO o.a.j.t.JMeterThread: Thread started: Thread Group 1-87
2020-05-04 15:52:04,146 INFO o.a.j.t.JMeterThread: Thread is done: Thread Group 1-87
2020-05-04 15:52:04,146 INFO o.a.j.t.JMeterThread: Thread finished: Thread Group 1-87
2020-05-04 15:52:04,166 INFO o.a.j.t.JMeterThread: Thread started: Thread Group 1-88
2020-05-04 15:52:04,244 INFO o.a.j.t.JMeterThread: Thread is done: Thread Group 1-88
2020-05-04 15:52:04,244 INFO o.a.j.t.JMeterThread: Thread finished: Thread Group 1-88
2020-05-04 15:52:04,266 INFO o.a.j.t.JMeterThread: Thread started: Thread Group 1-89
2020-05-04 15:52:04,351 INFO o.a.j.t.JMeterThread: Thread is done: Thread Group 1-89
2020-05-04 15:52:04,351 INFO o.a.j.t.JMeterThread: Thread finished: Thread Group 1-89
2020-05-04 15:52:04,367 INFO o.a.j.t.JMeterThread: Thread started: Thread Group 1-90
2020-05-04 15:52:04,445 INFO o.a.j.t.JMeterThread: Thread is done: Thread Group 1-90
2020-05-04 15:52:04,445 INFO o.a.j.t.JMeterThread: Thread finished: Thread Group 1-90
2020-05-04 15:52:04,466 INFO o.a.j.t.JMeterThread: Thread started: Thread Group 1-91
2020-05-04 15:52:04,547 INFO o.a.j.t.JMeterThread: Thread is done: Thread Group 1-91
2020-05-04 15:52:04,547 INFO o.a.j.t.JMeterThread: Thread finished: Thread Group 1-91
2020-05-04 15:52:04,566 INFO o.a.j.t.JMeterThread: Thread started: Thread Group 1-92
2020-05-04 15:52:04,646 INFO o.a.j.t.JMeterThread: Thread is done: Thread Group 1-92
2020-05-04 15:52:04,646 INFO o.a.j.t.JMeterThread: Thread finished: Thread Group 1-92
2020-05-04 15:52:04,665 INFO o.a.j.t.JMeterThread: Thread started: Thread Group 1-93
2020-05-04 15:52:04,748 INFO o.a.j.t.JMeterThread: Thread is done: Thread Group 1-93
2020-05-04 15:52:04,748 INFO o.a.j.t.JMeterThread: Thread finished: Thread Group 1-93
2020-05-04 15:52:04,766 INFO o.a.j.t.JMeterThread: Thread started: Thread Group 1-94
2020-05-04 15:52:04,847 INFO o.a.j.t.JMeterThread: Thread is done: Thread Group 1-94
2020-05-04 15:52:04,847 INFO o.a.j.t.JMeterThread: Thread finished: Thread Group 1-94
2020-05-04 15:52:04,866 INFO o.a.j.t.JMeterThread: Thread started: Thread Group 1-95
2020-05-04 15:52:04,948 INFO o.a.j.t.JMeterThread: Thread is done: Thread Group 1-95
2020-05-04 15:52:04,948 INFO o.a.j.t.JMeterThread: Thread finished: Thread Group 1-95
2020-05-04 15:52:04,967 INFO o.a.j.t.JMeterThread: Thread started: Thread Group 1-96
2020-05-04 15:52:05,048 INFO o.a.j.t.JMeterThread: Thread is done: Thread Group 1-96
2020-05-04 15:52:05,048 INFO o.a.j.t.JMeterThread: Thread finished: Thread Group 1-96
2020-05-04 15:52:05,067 INFO o.a.j.t.JMeterThread: Thread started: Thread Group 1-97
2020-05-04 15:52:05,144 INFO o.a.j.t.JMeterThread: Thread is done: Thread Group 1-97
2020-05-04 15:52:05,144 INFO o.a.j.t.JMeterThread: Thread finished: Thread Group 1-97
2020-05-04 15:52:05,166 INFO o.a.j.t.JMeterThread: Thread started: Thread Group 1-98
2020-05-04 15:52:05,246 INFO o.a.j.t.JMeterThread: Thread is done: Thread Group 1-98
2020-05-04 15:52:05,246 INFO o.a.j.t.JMeterThread: Thread finished: Thread Group 1-98
2020-05-04 15:52:05,266 INFO o.a.j.t.JMeterThread: Thread started: Thread Group 1-99
2020-05-04 15:52:05,345 INFO o.a.j.t.JMeterThread: Thread is done: Thread Group 1-99
2020-05-04 15:52:05,345 INFO o.a.j.t.JMeterThread: Thread finished: Thread Group 1-99
2020-05-04 15:52:05,366 INFO o.a.j.t.JMeterThread: Thread started: Thread Group 1-100
2020-05-04 15:52:05,441 INFO o.a.j.t.JMeterThread: Thread is done: Thread Group 1-100
2020-05-04 15:52:05,441 INFO o.a.j.t.JMeterThread: Thread finished: Thread Group 1-100
2020-05-04 15:52:05,442 INFO o.a.j.e.StandardJMeterEngine: Notifying test listeners of end of test
2020-05-04 15:52:05,442 INFO o.a.j.g.u.JMeterMenuBar: setRunning(false, *local*)
2020-05-04 15:53:21,711 INFO o.a.j.e.StandardJMeterEngine: Running the test!
2020-05-04 15:53:21,712 INFO o.a.j.s.SampleEvent: List of sample_variables: []
2020-05-04 15:53:21,712 INFO o.a.j.g.u.JMeterMenuBar: setRunning(true, *local*)
2020-05-04 15:53:21,845 INFO o.a.j.e.StandardJMeterEngine: Starting ThreadGroup: 1 : Thread Group
2020-05-04 15:53:21,845 INFO o.a.j.e.StandardJMeterEngine: Starting 100 threads for group Thread Group.
2020-05-04 15:53:21,845 INFO o.a.j.e.StandardJMeterEngine: Thread will continue on error
2020-05-04 15:53:21,845 INFO o.a.j.t.ThreadGroup: Starting thread group... number=1 threads=100 ramp-up=10 delayedStart=false
2020-05-04 15:53:21,849 INFO o.a.j.t.JMeterThread: Thread started: Thread Group 1-1
2020-05-04 15:53:21,862 INFO o.a.j.t.ThreadGroup: Started thread group number 1
2020-05-04 15:53:21,862 INFO o.a.j.e.StandardJMeterEngine: All thread groups have been started
2020-05-04 15:53:21,946 INFO o.a.j.t.JMeterThread: Thread started: Thread Group 1-2
2020-05-04 15:53:21,956 INFO o.a.j.t.JMeterThread: Thread is done: Thread Group 1-1
2020-05-04 15:53:21,956 INFO o.a.j.t.JMeterThread: Thread finished: Thread Group 1-1
2020-05-04 15:53:22,035 INFO o.a.j.t.JMeterThread: Thread is done: Thread Group 1-2
2020-05-04 15:53:22,035 INFO o.a.j.t.JMeterThread: Thread finished: Thread Group 1-2
2020-05-04 15:53:22,047 INFO o.a.j.t.JMeterThread: Thread started: Thread Group 1-3
2020-05-04 15:53:22,132 INFO o.a.j.t.JMeterThread: Thread is done: Thread Group 1-3
2020-05-04 15:53:22,132 INFO o.a.j.t.JMeterThread: Thread finished: Thread Group 1-3
2020-05-04 15:53:22,146 INFO o.a.j.t.JMeterThread: Thread started: Thread Group 1-4
2020-05-04 15:53:22,228 INFO o.a.j.t.JMeterThread: Thread is done: Thread Group 1-4
2020-05-04 15:53:22,228 INFO o.a.j.t.JMeterThread: Thread finished: Thread Group 1-4
2020-05-04 15:53:22,245 INFO o.a.j.t.JMeterThread: Thread started: Thread Group 1-5
2020-05-04 15:53:22,328 INFO o.a.j.t.JMeterThread: Thread is done: Thread Group 1-5
2020-05-04 15:53:22,328 INFO o.a.j.t.JMeterThread: Thread finished: Thread Group 1-5
2020-05-04 15:53:22,346 INFO o.a.j.t.JMeterThread: Thread started: Thread Group 1-6
2020-05-04 15:53:22,427 INFO o.a.j.t.JMeterThread: Thread is done: Thread Group 1-6
2020-05-04 15:53:22,427 INFO o.a.j.t.JMeterThread: Thread finished: Thread Group 1-6
2020-05-04 15:53:22,446 INFO o.a.j.t.JMeterThread: Thread started: Thread Group 1-7
2020-05-04 15:53:22,522 INFO o.a.j.t.JMeterThread: Thread is done: Thread Group 1-7
2020-05-04 15:53:22,522 INFO o.a.j.t.JMeterThread: Thread finished: Thread Group 1-7
2020-05-04 15:53:22,546 INFO o.a.j.t.JMeterThread: Thread started: Thread Group 1-8
2020-05-04 15:53:22,626 INFO o.a.j.t.JMeterThread: Thread is done: Thread Group 1-8
2020-05-04 15:53:22,626 INFO o.a.j.t.JMeterThread: Thread finished: Thread Group 1-8
2020-05-04 15:53:22,647 INFO o.a.j.t.JMeterThread: Thread started: Thread Group 1-9
2020-05-04 15:53:22,732 INFO o.a.j.t.JMeterThread: Thread is done: Thread Group 1-9
2020-05-04 15:53:22,732 INFO o.a.j.t.JMeterThread: Thread finished: Thread Group 1-9
2020-05-04 15:53:22,746 INFO o.a.j.t.JMeterThread: Thread started: Thread Group 1-10
2020-05-04 15:53:22,830 INFO o.a.j.t.JMeterThread: Thread is done: Thread Group 1-10
2020-05-04 15:53:22,830 INFO o.a.j.t.JMeterThread: Thread finished: Thread Group 1-10
2020-05-04 15:53:22,847 INFO o.a.j.t.JMeterThread: Thread started: Thread Group 1-11
2020-05-04 15:53:22,927 INFO o.a.j.t.JMeterThread: Thread is done: Thread Group 1-11
2020-05-04 15:53:22,927 INFO o.a.j.t.JMeterThread: Thread finished: Thread Group 1-11
2020-05-04 15:53:22,945 INFO o.a.j.t.JMeterThread: Thread started: Thread Group 1-12
2020-05-04 15:53:23,024 INFO o.a.j.t.JMeterThread: Thread is done: Thread Group 1-12
2020-05-04 15:53:23,024 INFO o.a.j.t.JMeterThread: Thread finished: Thread Group 1-12
2020-05-04 15:53:23,045 INFO o.a.j.t.JMeterThread: Thread started: Thread Group 1-13
2020-05-04 15:53:23,126 INFO o.a.j.t.JMeterThread: Thread is done: Thread Group 1-13
2020-05-04 15:53:23,126 INFO o.a.j.t.JMeterThread: Thread finished: Thread Group 1-13
2020-05-04 15:53:23,145 INFO o.a.j.t.JMeterThread: Thread started: Thread Group 1-14
2020-05-04 15:53:23,225 INFO o.a.j.t.JMeterThread: Thread is done: Thread Group 1-14
2020-05-04 15:53:23,225 INFO o.a.j.t.JMeterThread: Thread finished: Thread Group 1-14
2020-05-04 15:53:23,245 INFO o.a.j.t.JMeterThread: Thread started: Thread Group 1-15
2020-05-04 15:53:23,329 INFO o.a.j.t.JMeterThread: Thread is done: Thread Group 1-15
2020-05-04 15:53:23,329 INFO o.a.j.t.JMeterThread: Thread finished: Thread Group 1-15
2020-05-04 15:53:23,346 INFO o.a.j.t.JMeterThread: Thread started: Thread Group 1-16
2020-05-04 15:53:23,426 INFO o.a.j.t.JMeterThread: Thread is done: Thread Group 1-16
2020-05-04 15:53:23,427 INFO o.a.j.t.JMeterThread: Thread finished: Thread Group 1-16
2020-05-04 15:53:23,445 INFO o.a.j.t.JMeterThread: Thread started: Thread Group 1-17
2020-05-04 15:53:23,528 INFO o.a.j.t.JMeterThread: Thread is done: Thread Group 1-17
2020-05-04 15:53:23,528 INFO o.a.j.t.JMeterThread: Thread finished: Thread Group 1-17
2020-05-04 15:53:23,546 INFO o.a.j.t.JMeterThread: Thread started: Thread Group 1-18
2020-05-04 15:53:23,626 INFO o.a.j.t.JMeterThread: Thread is done: Thread Group 1-18
2020-05-04 15:53:23,626 INFO o.a.j.t.JMeterThread: Thread finished: Thread Group 1-18
2020-05-04 15:53:23,646 INFO o.a.j.t.JMeterThread: Thread started: Thread Group 1-19
2020-05-04 15:53:23,729 INFO o.a.j.t.JMeterThread: Thread is done: Thread Group 1-19
2020-05-04 15:53:23,729 INFO o.a.j.t.JMeterThread: Thread finished: Thread Group 1-19
2020-05-04 15:53:23,745 INFO o.a.j.t.JMeterThread: Thread started: Thread Group 1-20
2020-05-04 15:53:23,827 INFO o.a.j.t.JMeterThread: Thread is done: Thread Group 1-20
2020-05-04 15:53:23,827 INFO o.a.j.t.JMeterThread: Thread finished: Thread Group 1-20
2020-05-04 15:53:23,847 INFO o.a.j.t.JMeterThread: Thread started: Thread Group 1-21
2020-05-04 15:53:23,924 INFO o.a.j.t.JMeterThread: Thread is done: Thread Group 1-21
2020-05-04 15:53:23,924 INFO o.a.j.t.JMeterThread: Thread finished: Thread Group 1-21
2020-05-04 15:53:23,946 INFO o.a.j.t.JMeterThread: Thread started: Thread Group 1-22
2020-05-04 15:53:24,027 INFO o.a.j.t.JMeterThread: Thread is done: Thread Group 1-22
2020-05-04 15:53:24,027 INFO o.a.j.t.JMeterThread: Thread finished: Thread Group 1-22
2020-05-04 15:53:24,046 INFO o.a.j.t.JMeterThread: Thread started: Thread Group 1-23
2020-05-04 15:53:24,125 INFO o.a.j.t.JMeterThread: Thread is done: Thread Group 1-23
2020-05-04 15:53:24,126 INFO o.a.j.t.JMeterThread: Thread finished: Thread Group 1-23
2020-05-04 15:53:24,146 INFO o.a.j.t.JMeterThread: Thread started: Thread Group 1-24
2020-05-04 15:53:24,228 INFO o.a.j.t.JMeterThread: Thread is done: Thread Group 1-24
2020-05-04 15:53:24,228 INFO o.a.j.t.JMeterThread: Thread finished: Thread Group 1-24
2020-05-04 15:53:24,247 INFO o.a.j.t.JMeterThread: Thread started: Thread Group 1-25
2020-05-04 15:53:24,327 INFO o.a.j.t.JMeterThread: Thread is done: Thread Group 1-25
2020-05-04 15:53:24,327 INFO o.a.j.t.JMeterThread: Thread finished: Thread Group 1-25
2020-05-04 15:53:24,346 INFO o.a.j.t.JMeterThread: Thread started: Thread Group 1-26
2020-05-04 15:53:24,432 INFO o.a.j.t.JMeterThread: Thread is done: Thread Group 1-26
2020-05-04 15:53:24,432 INFO o.a.j.t.JMeterThread: Thread finished: Thread Group 1-26
2020-05-04 15:53:24,446 INFO o.a.j.t.JMeterThread: Thread started: Thread Group 1-27
2020-05-04 15:53:24,526 INFO o.a.j.t.JMeterThread: Thread is done: Thread Group 1-27
2020-05-04 15:53:24,526 INFO o.a.j.t.JMeterThread: Thread finished: Thread Group 1-27
2020-05-04 15:53:24,546 INFO o.a.j.t.JMeterThread: Thread started: Thread Group 1-28
2020-05-04 15:53:24,626 INFO o.a.j.t.JMeterThread: Thread is done: Thread Group 1-28
2020-05-04 15:53:24,626 INFO o.a.j.t.JMeterThread: Thread finished: Thread Group 1-28
2020-05-04 15:53:24,646 INFO o.a.j.t.JMeterThread: Thread started: Thread Group 1-29
2020-05-04 15:53:24,724 INFO o.a.j.t.JMeterThread: Thread is done: Thread Group 1-29
2020-05-04 15:53:24,724 INFO o.a.j.t.JMeterThread: Thread finished: Thread Group 1-29
2020-05-04 15:53:24,747 INFO o.a.j.t.JMeterThread: Thread started: Thread Group 1-30
2020-05-04 15:53:24,827 INFO o.a.j.t.JMeterThread: Thread is done: Thread Group 1-30
2020-05-04 15:53:24,827 INFO o.a.j.t.JMeterThread: Thread finished: Thread Group 1-30
2020-05-04 15:53:24,847 INFO o.a.j.t.JMeterThread: Thread started: Thread Group 1-31
2020-05-04 15:53:24,928 INFO o.a.j.t.JMeterThread: Thread is done: Thread Group 1-31
2020-05-04 15:53:24,928 INFO o.a.j.t.JMeterThread: Thread finished: Thread Group 1-31
2020-05-04 15:53:24,947 INFO o.a.j.t.JMeterThread: Thread started: Thread Group 1-32
2020-05-04 15:53:25,029 INFO o.a.j.t.JMeterThread: Thread is done: Thread Group 1-32
2020-05-04 15:53:25,029 INFO o.a.j.t.JMeterThread: Thread finished: Thread Group 1-32
2020-05-04 15:53:25,047 INFO o.a.j.t.JMeterThread: Thread started: Thread Group 1-33
2020-05-04 15:53:25,128 INFO o.a.j.t.JMeterThread: Thread is done: Thread Group 1-33
2020-05-04 15:53:25,128 INFO o.a.j.t.JMeterThread: Thread finished: Thread Group 1-33
2020-05-04 15:53:25,146 INFO o.a.j.t.JMeterThread: Thread started: Thread Group 1-34
2020-05-04 15:53:25,225 INFO o.a.j.t.JMeterThread: Thread is done: Thread Group 1-34
2020-05-04 15:53:25,225 INFO o.a.j.t.JMeterThread: Thread finished: Thread Group 1-34
2020-05-04 15:53:25,246 INFO o.a.j.t.JMeterThread: Thread started: Thread Group 1-35
2020-05-04 15:53:25,327 INFO o.a.j.t.JMeterThread: Thread is done: Thread Group 1-35
2020-05-04 15:53:25,327 INFO o.a.j.t.JMeterThread: Thread finished: Thread Group 1-35
2020-05-04 15:53:25,347 INFO o.a.j.t.JMeterThread: Thread started: Thread Group 1-36
2020-05-04 15:53:25,430 INFO o.a.j.t.JMeterThread: Thread is done: Thread Group 1-36
2020-05-04 15:53:25,431 INFO o.a.j.t.JMeterThread: Thread finished: Thread Group 1-36
2020-05-04 15:53:25,447 INFO o.a.j.t.JMeterThread: Thread started: Thread Group 1-37
2020-05-04 15:53:25,526 INFO o.a.j.t.JMeterThread: Thread is done: Thread Group 1-37
2020-05-04 15:53:25,526 INFO o.a.j.t.JMeterThread: Thread finished: Thread Group 1-37
2020-05-04 15:53:25,547 INFO o.a.j.t.JMeterThread: Thread started: Thread Group 1-38
2020-05-04 15:53:25,626 INFO o.a.j.t.JMeterThread: Thread is done: Thread Group 1-38
2020-05-04 15:53:25,626 INFO o.a.j.t.JMeterThread: Thread finished: Thread Group 1-38
2020-05-04 15:53:25,647 INFO o.a.j.t.JMeterThread: Thread started: Thread Group 1-39
2020-05-04 15:53:25,727 INFO o.a.j.t.JMeterThread: Thread is done: Thread Group 1-39
2020-05-04 15:53:25,727 INFO o.a.j.t.JMeterThread: Thread finished: Thread Group 1-39
2020-05-04 15:53:25,746 INFO o.a.j.t.JMeterThread: Thread started: Thread Group 1-40
2020-05-04 15:53:25,827 INFO o.a.j.t.JMeterThread: Thread is done: Thread Group 1-40
2020-05-04 15:53:25,827 INFO o.a.j.t.JMeterThread: Thread finished: Thread Group 1-40
2020-05-04 15:53:25,846 INFO o.a.j.t.JMeterThread: Thread started: Thread Group 1-41
2020-05-04 15:53:25,926 INFO o.a.j.t.JMeterThread: Thread is done: Thread Group 1-41
2020-05-04 15:53:25,926 INFO o.a.j.t.JMeterThread: Thread finished: Thread Group 1-41
2020-05-04 15:53:25,947 INFO o.a.j.t.JMeterThread: Thread started: Thread Group 1-42
2020-05-04 15:53:26,026 INFO o.a.j.t.JMeterThread: Thread is done: Thread Group 1-42
2020-05-04 15:53:26,026 INFO o.a.j.t.JMeterThread: Thread finished: Thread Group 1-42
2020-05-04 15:53:26,046 INFO o.a.j.t.JMeterThread: Thread started: Thread Group 1-43
2020-05-04 15:53:26,127 INFO o.a.j.t.JMeterThread: Thread is done: Thread Group 1-43
2020-05-04 15:53:26,127 INFO o.a.j.t.JMeterThread: Thread finished: Thread Group 1-43
2020-05-04 15:53:26,147 INFO o.a.j.t.JMeterThread: Thread started: Thread Group 1-44
2020-05-04 15:53:26,229 INFO o.a.j.t.JMeterThread: Thread is done: Thread Group 1-44
2020-05-04 15:53:26,229 INFO o.a.j.t.JMeterThread: Thread finished: Thread Group 1-44
2020-05-04 15:53:26,246 INFO o.a.j.t.JMeterThread: Thread started: Thread Group 1-45
2020-05-04 15:53:26,323 INFO o.a.j.t.JMeterThread: Thread is done: Thread Group 1-45
2020-05-04 15:53:26,323 INFO o.a.j.t.JMeterThread: Thread finished: Thread Group 1-45
2020-05-04 15:53:26,346 INFO o.a.j.t.JMeterThread: Thread started: Thread Group 1-46
2020-05-04 15:53:26,425 INFO o.a.j.t.JMeterThread: Thread is done: Thread Group 1-46
2020-05-04 15:53:26,425 INFO o.a.j.t.JMeterThread: Thread finished: Thread Group 1-46
2020-05-04 15:53:26,446 INFO o.a.j.t.JMeterThread: Thread started: Thread Group 1-47
2020-05-04 15:53:26,528 INFO o.a.j.t.JMeterThread: Thread is done: Thread Group 1-47
2020-05-04 15:53:26,529 INFO o.a.j.t.JMeterThread: Thread finished: Thread Group 1-47
2020-05-04 15:53:26,545 INFO o.a.j.t.JMeterThread: Thread started: Thread Group 1-48
2020-05-04 15:53:26,627 INFO o.a.j.t.JMeterThread: Thread is done: Thread Group 1-48
2020-05-04 15:53:26,627 INFO o.a.j.t.JMeterThread: Thread finished: Thread Group 1-48
2020-05-04 15:53:26,645 INFO o.a.j.t.JMeterThread: Thread started: Thread Group 1-49
2020-05-04 15:53:26,721 INFO o.a.j.t.JMeterThread: Thread is done: Thread Group 1-49
2020-05-04 15:53:26,721 INFO o.a.j.t.JMeterThread: Thread finished: Thread Group 1-49
2020-05-04 15:53:26,746 INFO o.a.j.t.JMeterThread: Thread started: Thread Group 1-50
2020-05-04 15:53:26,826 INFO o.a.j.t.JMeterThread: Thread is done: Thread Group 1-50
2020-05-04 15:53:26,826 INFO o.a.j.t.JMeterThread: Thread finished: Thread Group 1-50
2020-05-04 15:53:26,845 INFO o.a.j.t.JMeterThread: Thread started: Thread Group 1-51
2020-05-04 15:53:26,928 INFO o.a.j.t.JMeterThread: Thread is done: Thread Group 1-51
2020-05-04 15:53:26,928 INFO o.a.j.t.JMeterThread: Thread finished: Thread Group 1-51
2020-05-04 15:53:26,947 INFO o.a.j.t.JMeterThread: Thread started: Thread Group 1-52
2020-05-04 15:53:27,026 INFO o.a.j.t.JMeterThread: Thread is done: Thread Group 1-52
2020-05-04 15:53:27,026 INFO o.a.j.t.JMeterThread: Thread finished: Thread Group 1-52
2020-05-04 15:53:27,046 INFO o.a.j.t.JMeterThread: Thread started: Thread Group 1-53
2020-05-04 15:53:27,127 INFO o.a.j.t.JMeterThread: Thread is done: Thread Group 1-53
2020-05-04 15:53:27,127 INFO o.a.j.t.JMeterThread: Thread finished: Thread Group 1-53
2020-05-04 15:53:27,146 INFO o.a.j.t.JMeterThread: Thread started: Thread Group 1-54
2020-05-04 15:53:27,227 INFO o.a.j.t.JMeterThread: Thread is done: Thread Group 1-54
2020-05-04 15:53:27,227 INFO o.a.j.t.JMeterThread: Thread finished: Thread Group 1-54
2020-05-04 15:53:27,246 INFO o.a.j.t.JMeterThread: Thread started: Thread Group 1-55
2020-05-04 15:53:27,326 INFO o.a.j.t.JMeterThread: Thread is done: Thread Group 1-55
2020-05-04 15:53:27,326 INFO o.a.j.t.JMeterThread: Thread finished: Thread Group 1-55
2020-05-04 15:53:27,345 INFO o.a.j.t.JMeterThread: Thread started: Thread Group 1-56
2020-05-04 15:53:27,428 INFO o.a.j.t.JMeterThread: Thread is done: Thread Group 1-56
2020-05-04 15:53:27,428 INFO o.a.j.t.JMeterThread: Thread finished: Thread Group 1-56
2020-05-04 15:53:27,446 INFO o.a.j.t.JMeterThread: Thread started: Thread Group 1-57
2020-05-04 15:53:27,528 INFO o.a.j.t.JMeterThread: Thread is done: Thread Group 1-57
2020-05-04 15:53:27,528 INFO o.a.j.t.JMeterThread: Thread finished: Thread Group 1-57
2020-05-04 15:53:27,547 INFO o.a.j.t.JMeterThread: Thread started: Thread Group 1-58
2020-05-04 15:53:27,627 INFO o.a.j.t.JMeterThread: Thread is done: Thread Group 1-58
2020-05-04 15:53:27,627 INFO o.a.j.t.JMeterThread: Thread finished: Thread Group 1-58
2020-05-04 15:53:27,647 INFO o.a.j.t.JMeterThread: Thread started: Thread Group 1-59
2020-05-04 15:53:27,729 INFO o.a.j.t.JMeterThread: Thread is done: Thread Group 1-59
2020-05-04 15:53:27,729 INFO o.a.j.t.JMeterThread: Thread finished: Thread Group 1-59
2020-05-04 15:53:27,747 INFO o.a.j.t.JMeterThread: Thread started: Thread Group 1-60
2020-05-04 15:53:27,826 INFO o.a.j.t.JMeterThread: Thread is done: Thread Group 1-60
2020-05-04 15:53:27,826 INFO o.a.j.t.JMeterThread: Thread finished: Thread Group 1-60
2020-05-04 15:53:27,850 INFO o.a.j.t.JMeterThread: Thread started: Thread Group 1-61
2020-05-04 15:53:27,936 INFO o.a.j.t.JMeterThread: Thread is done: Thread Group 1-61
2020-05-04 15:53:27,936 INFO o.a.j.t.JMeterThread: Thread finished: Thread Group 1-61
2020-05-04 15:53:27,949 INFO o.a.j.t.JMeterThread: Thread started: Thread Group 1-62
2020-05-04 15:53:28,031 INFO o.a.j.t.JMeterThread: Thread is done: Thread Group 1-62
2020-05-04 15:53:28,031 INFO o.a.j.t.JMeterThread: Thread finished: Thread Group 1-62
2020-05-04 15:53:28,046 INFO o.a.j.t.JMeterThread: Thread started: Thread Group 1-63
2020-05-04 15:53:28,125 INFO o.a.j.t.JMeterThread: Thread is done: Thread Group 1-63
2020-05-04 15:53:28,125 INFO o.a.j.t.JMeterThread: Thread finished: Thread Group 1-63
2020-05-04 15:53:28,149 INFO o.a.j.t.JMeterThread: Thread started: Thread Group 1-64
2020-05-04 15:53:28,228 INFO o.a.j.t.JMeterThread: Thread is done: Thread Group 1-64
2020-05-04 15:53:28,229 INFO o.a.j.t.JMeterThread: Thread finished: Thread Group 1-64
2020-05-04 15:53:28,248 INFO o.a.j.t.JMeterThread: Thread started: Thread Group 1-65
2020-05-04 15:53:28,333 INFO o.a.j.t.JMeterThread: Thread is done: Thread Group 1-65
2020-05-04 15:53:28,333 INFO o.a.j.t.JMeterThread: Thread finished: Thread Group 1-65
2020-05-04 15:53:28,347 INFO o.a.j.t.JMeterThread: Thread started: Thread Group 1-66
2020-05-04 15:53:28,427 INFO o.a.j.t.JMeterThread: Thread is done: Thread Group 1-66
2020-05-04 15:53:28,427 INFO o.a.j.t.JMeterThread: Thread finished: Thread Group 1-66
2020-05-04 15:53:28,451 INFO o.a.j.t.JMeterThread: Thread started: Thread Group 1-67
2020-05-04 15:53:28,529 INFO o.a.j.t.JMeterThread: Thread is done: Thread Group 1-67
2020-05-04 15:53:28,529 INFO o.a.j.t.JMeterThread: Thread finished: Thread Group 1-67
2020-05-04 15:53:28,551 INFO o.a.j.t.JMeterThread: Thread started: Thread Group 1-68
2020-05-04 15:53:28,630 INFO o.a.j.t.JMeterThread: Thread is done: Thread Group 1-68
2020-05-04 15:53:28,631 INFO o.a.j.t.JMeterThread: Thread finished: Thread Group 1-68
2020-05-04 15:53:28,649 INFO o.a.j.t.JMeterThread: Thread started: Thread Group 1-69
2020-05-04 15:53:28,726 INFO o.a.j.t.JMeterThread: Thread is done: Thread Group 1-69
2020-05-04 15:53:28,726 INFO o.a.j.t.JMeterThread: Thread finished: Thread Group 1-69
2020-05-04 15:53:28,745 INFO o.a.j.t.JMeterThread: Thread started: Thread Group 1-70
2020-05-04 15:53:28,827 INFO o.a.j.t.JMeterThread: Thread is done: Thread Group 1-70
2020-05-04 15:53:28,827 INFO o.a.j.t.JMeterThread: Thread finished: Thread Group 1-70
2020-05-04 15:53:28,849 INFO o.a.j.t.JMeterThread: Thread started: Thread Group 1-71
2020-05-04 15:53:28,931 INFO o.a.j.t.JMeterThread: Thread is done: Thread Group 1-71
2020-05-04 15:53:28,931 INFO o.a.j.t.JMeterThread: Thread finished: Thread Group 1-71
2020-05-04 15:53:28,949 INFO o.a.j.t.JMeterThread: Thread started: Thread Group 1-72
2020-05-04 15:53:29,032 INFO o.a.j.t.JMeterThread: Thread is done: Thread Group 1-72
2020-05-04 15:53:29,032 INFO o.a.j.t.JMeterThread: Thread finished: Thread Group 1-72
2020-05-04 15:53:29,049 INFO o.a.j.t.JMeterThread: Thread started: Thread Group 1-73
2020-05-04 15:53:29,131 INFO o.a.j.t.JMeterThread: Thread is done: Thread Group 1-73
2020-05-04 15:53:29,131 INFO o.a.j.t.JMeterThread: Thread finished: Thread Group 1-73
2020-05-04 15:53:29,150 INFO o.a.j.t.JMeterThread: Thread started: Thread Group 1-74
2020-05-04 15:53:29,230 INFO o.a.j.t.JMeterThread: Thread is done: Thread Group 1-74
2020-05-04 15:53:29,230 INFO o.a.j.t.JMeterThread: Thread finished: Thread Group 1-74
2020-05-04 15:53:29,249 INFO o.a.j.t.JMeterThread: Thread started: Thread Group 1-75
2020-05-04 15:53:29,330 INFO o.a.j.t.JMeterThread: Thread is done: Thread Group 1-75
2020-05-04 15:53:29,330 INFO o.a.j.t.JMeterThread: Thread finished: Thread Group 1-75
2020-05-04 15:53:29,347 INFO o.a.j.t.JMeterThread: Thread started: Thread Group 1-76
2020-05-04 15:53:29,431 INFO o.a.j.t.JMeterThread: Thread is done: Thread Group 1-76
2020-05-04 15:53:29,431 INFO o.a.j.t.JMeterThread: Thread finished: Thread Group 1-76
2020-05-04 15:53:29,447 INFO o.a.j.t.JMeterThread: Thread started: Thread Group 1-77
2020-05-04 15:53:29,527 INFO o.a.j.t.JMeterThread: Thread is done: Thread Group 1-77
2020-05-04 15:53:29,527 INFO o.a.j.t.JMeterThread: Thread finished: Thread Group 1-77
2020-05-04 15:53:29,546 INFO o.a.j.t.JMeterThread: Thread started: Thread Group 1-78
2020-05-04 15:53:29,627 INFO o.a.j.t.JMeterThread: Thread is done: Thread Group 1-78
2020-05-04 15:53:29,627 INFO o.a.j.t.JMeterThread: Thread finished: Thread Group 1-78
2020-05-04 15:53:29,650 INFO o.a.j.t.JMeterThread: Thread started: Thread Group 1-79
2020-05-04 15:53:29,730 INFO o.a.j.t.JMeterThread: Thread is done: Thread Group 1-79
2020-05-04 15:53:29,730 INFO o.a.j.t.JMeterThread: Thread finished: Thread Group 1-79
2020-05-04 15:53:29,748 INFO o.a.j.t.JMeterThread: Thread started: Thread Group 1-80
2020-05-04 15:53:29,833 INFO o.a.j.t.JMeterThread: Thread is done: Thread Group 1-80
2020-05-04 15:53:29,833 INFO o.a.j.t.JMeterThread: Thread finished: Thread Group 1-80
2020-05-04 15:53:29,848 INFO o.a.j.t.JMeterThread: Thread started: Thread Group 1-81
2020-05-04 15:53:29,926 INFO o.a.j.t.JMeterThread: Thread is done: Thread Group 1-81
2020-05-04 15:53:29,926 INFO o.a.j.t.JMeterThread: Thread finished: Thread Group 1-81
2020-05-04 15:53:29,949 INFO o.a.j.t.JMeterThread: Thread started: Thread Group 1-82
2020-05-04 15:53:30,027 INFO o.a.j.t.JMeterThread: Thread is done: Thread Group 1-82
2020-05-04 15:53:30,027 INFO o.a.j.t.JMeterThread: Thread finished: Thread Group 1-82
2020-05-04 15:53:30,049 INFO o.a.j.t.JMeterThread: Thread started: Thread Group 1-83
2020-05-04 15:53:30,130 INFO o.a.j.t.JMeterThread: Thread is done: Thread Group 1-83
2020-05-04 15:53:30,130 INFO o.a.j.t.JMeterThread: Thread finished: Thread Group 1-83
2020-05-04 15:53:30,149 INFO o.a.j.t.JMeterThread: Thread started: Thread Group 1-84
2020-05-04 15:53:30,230 INFO o.a.j.t.JMeterThread: Thread is done: Thread Group 1-84
2020-05-04 15:53:30,230 INFO o.a.j.t.JMeterThread: Thread finished: Thread Group 1-84
2020-05-04 15:53:30,248 INFO o.a.j.t.JMeterThread: Thread started: Thread Group 1-85
2020-05-04 15:53:30,325 INFO o.a.j.t.JMeterThread: Thread is done: Thread Group 1-85
2020-05-04 15:53:30,325 INFO o.a.j.t.JMeterThread: Thread finished: Thread Group 1-85
2020-05-04 15:53:30,346 INFO o.a.j.t.JMeterThread: Thread started: Thread Group 1-86
2020-05-04 15:53:30,425 INFO o.a.j.t.JMeterThread: Thread is done: Thread Group 1-86
2020-05-04 15:53:30,425 INFO o.a.j.t.JMeterThread: Thread finished: Thread Group 1-86
2020-05-04 15:53:30,448 INFO o.a.j.t.JMeterThread: Thread started: Thread Group 1-87
2020-05-04 15:53:30,529 INFO o.a.j.t.JMeterThread: Thread is done: Thread Group 1-87
2020-05-04 15:53:30,529 INFO o.a.j.t.JMeterThread: Thread finished: Thread Group 1-87
2020-05-04 15:53:30,546 INFO o.a.j.t.JMeterThread: Thread started: Thread Group 1-88
2020-05-04 15:53:30,626 INFO o.a.j.t.JMeterThread: Thread is done: Thread Group 1-88
2020-05-04 15:53:30,626 INFO o.a.j.t.JMeterThread: Thread finished: Thread Group 1-88
2020-05-04 15:53:30,648 INFO o.a.j.t.JMeterThread: Thread started: Thread Group 1-89
2020-05-04 15:53:30,730 INFO o.a.j.t.JMeterThread: Thread is done: Thread Group 1-89
2020-05-04 15:53:30,731 INFO o.a.j.t.JMeterThread: Thread finished: Thread Group 1-89
2020-05-04 15:53:30,746 INFO o.a.j.t.JMeterThread: Thread started: Thread Group 1-90
2020-05-04 15:53:30,828 INFO o.a.j.t.JMeterThread: Thread is done: Thread Group 1-90
2020-05-04 15:53:30,828 INFO o.a.j.t.JMeterThread: Thread finished: Thread Group 1-90
2020-05-04 15:53:30,848 INFO o.a.j.t.JMeterThread: Thread started: Thread Group 1-91
2020-05-04 15:53:30,930 INFO o.a.j.t.JMeterThread: Thread is done: Thread Group 1-91
2020-05-04 15:53:30,931 INFO o.a.j.t.JMeterThread: Thread finished: Thread Group 1-91
2020-05-04 15:53:30,945 INFO o.a.j.t.JMeterThread: Thread started: Thread Group 1-92
2020-05-04 15:53:31,031 INFO o.a.j.t.JMeterThread: Thread is done: Thread Group 1-92
2020-05-04 15:53:31,031 INFO o.a.j.t.JMeterThread: Thread finished: Thread Group 1-92
2020-05-04 15:53:31,045 INFO o.a.j.t.JMeterThread: Thread started: Thread Group 1-93
2020-05-04 15:53:31,126 INFO o.a.j.t.JMeterThread: Thread is done: Thread Group 1-93
2020-05-04 15:53:31,126 INFO o.a.j.t.JMeterThread: Thread finished: Thread Group 1-93
2020-05-04 15:53:31,146 INFO o.a.j.t.JMeterThread: Thread started: Thread Group 1-94
2020-05-04 15:53:31,225 INFO o.a.j.t.JMeterThread: Thread is done: Thread Group 1-94
2020-05-04 15:53:31,225 INFO o.a.j.t.JMeterThread: Thread finished: Thread Group 1-94
2020-05-04 15:53:31,246 INFO o.a.j.t.JMeterThread: Thread started: Thread Group 1-95
2020-05-04 15:53:31,328 INFO o.a.j.t.JMeterThread: Thread is done: Thread Group 1-95
2020-05-04 15:53:31,328 INFO o.a.j.t.JMeterThread: Thread finished: Thread Group 1-95
2020-05-04 15:53:31,348 INFO o.a.j.t.JMeterThread: Thread started: Thread Group 1-96
2020-05-04 15:53:31,430 INFO o.a.j.t.JMeterThread: Thread is done: Thread Group 1-96
2020-05-04 15:53:31,430 INFO o.a.j.t.JMeterThread: Thread finished: Thread Group 1-96
2020-05-04 15:53:31,446 INFO o.a.j.t.JMeterThread: Thread started: Thread Group 1-97
2020-05-04 15:53:31,522 INFO o.a.j.t.JMeterThread: Thread is done: Thread Group 1-97
2020-05-04 15:53:31,522 INFO o.a.j.t.JMeterThread: Thread finished: Thread Group 1-97
2020-05-04 15:53:31,545 INFO o.a.j.t.JMeterThread: Thread started: Thread Group 1-98
2020-05-04 15:53:31,628 INFO o.a.j.t.JMeterThread: Thread is done: Thread Group 1-98
2020-05-04 15:53:31,629 INFO o.a.j.t.JMeterThread: Thread finished: Thread Group 1-98
2020-05-04 15:53:31,646 INFO o.a.j.t.JMeterThread: Thread started: Thread Group 1-99
2020-05-04 15:53:31,727 INFO o.a.j.t.JMeterThread: Thread is done: Thread Group 1-99
2020-05-04 15:53:31,727 INFO o.a.j.t.JMeterThread: Thread finished: Thread Group 1-99
2020-05-04 15:53:31,746 INFO o.a.j.t.JMeterThread: Thread started: Thread Group 1-100
2020-05-04 15:53:31,825 INFO o.a.j.t.JMeterThread: Thread is done: Thread Group 1-100
2020-05-04 15:53:31,825 INFO o.a.j.t.JMeterThread: Thread finished: Thread Group 1-100
2020-05-04 15:53:31,825 INFO o.a.j.e.StandardJMeterEngine: Notifying test listeners of end of test
2020-05-04 15:53:31,825 INFO o.a.j.g.u.JMeterMenuBar: setRunning(false, *local*)
